<?xml version="1.0" encoding="UTF-8"?>
<!-- Generated by org.testng.reporters.JUnitReportReporter -->
<testsuite skipped="0" hostname="DESKTOP-GAOM8LM" name="com.webapp.runner.TestRunner" tests="1" failures="0" timestamp="02 Sep 2020 06:18:38 GMT" time="2.874" errors="0">
  <testcase name="runScenario" time="2.874" classname="com.webapp.runner.TestRunner"/>
</testsuite> <!-- com.webapp.runner.TestRunner -->
