<?xml version="1.0" encoding="UTF-8"?>
<!-- Generated by org.testng.reporters.JUnitReportReporter -->
<testsuite skipped="0" hostname="DESKTOP-GAOM8LM" name="com.webapp.runner.TestRunner" tests="1" failures="0" timestamp="28 Aug 2020 07:56:12 GMT" time="9.915" errors="0">
  <testcase name="runScenario" time="9.915" classname="com.webapp.runner.TestRunner"/>
</testsuite> <!-- com.webapp.runner.TestRunner -->
